{
  "stats": {
    "suites": 1,
    "tests": 8,
    "passes": 8,
    "pending": 0,
    "failures": 0,
    "start": "2020-10-30T10:38:22.954Z",
    "end": "2020-10-30T10:38:47.962Z",
    "duration": 25008,
    "testsRegistered": 8,
    "passPercent": 100,
    "pendingPercent": 0,
    "other": 0,
    "hasOther": false,
    "skipped": 0,
    "hasSkipped": false
  },
  "results": [
    {
      "uuid": "8deb5cc2-0468-43a5-b3db-ec1e6928b042",
      "title": "",
      "fullFile": "cypress/integration/chso-page-object-test.spec.js",
      "file": "cypress/integration/chso-page-object-test.spec.js",
      "beforeHooks": [],
      "afterHooks": [],
      "tests": [],
      "suites": [
        {
          "uuid": "deae0a88-537e-4562-8d65-fb2e3679cc62",
          "title": "Test Suit01",
          "fullFile": "",
          "file": "",
          "beforeHooks": [],
          "afterHooks": [],
          "tests": [
            {
              "title": "Logain Logaut",
              "fullTitle": "Test Suit01 Logain Logaut",
              "timedOut": null,
              "duration": 1833,
              "state": "passed",
              "speed": "slow",
              "pass": true,
              "fail": false,
              "pending": false,
              "context": null,
              "code": "index.preformLogIn(cy, target.home, target.userNamePosition, target.userName, target.userPasswordsPosition, target.userPasswords, target.indexLoginButton, target.indexTitle, target.dashuserNamePosition);\ndash.Logout(cy, target.dashLogOutPosition, target.indexTitle);",
              "err": {},
              "uuid": "eb5dc096-3df1-4101-b7b4-c9aaca71cdc7",
              "parentUUID": "deae0a88-537e-4562-8d65-fb2e3679cc62",
              "isHook": false,
              "skipped": false
            },
            {
              "title": "Explore the Site",
              "fullTitle": "Test Suit01 Explore the Site",
              "timedOut": null,
              "duration": 2397,
              "state": "passed",
              "speed": "slow",
              "pass": true,
              "fail": false,
              "pending": false,
              "context": null,
              "code": "index.preformLogIn(cy, target.home, target.userNamePosition, target.userName, target.userPasswordsPosition, target.userPasswords, target.indexLoginButton, target.indexTitle, target.dashuserNamePosition);\ndash.goToARooms(cy, target.roomButton, target.verification);\nroom.goOut(cy, target.creatbutton, target.Roomcreatbutton, target.goOUTofRoom);\ndash.goToARooms(cy, target.billButton, target.verification);\nbill.goOut(cy, target.creatbutton, target.Billverification, target.goOUTofRoom);\ndash.goToARooms(cy, target.clientButton, target.verification);\nclients.goOut(cy, target.creatbutton, target.Clientverification, target.goOUTofRoom);\ndash.goToARooms(cy, target.reservationButton, target.verification);\nreserv.goOut(cy, target.creatbutton, target.resVerification, target.goOUTofRoom);\ndash.Logout(cy, target.dashLogOutPosition, target.indexTitle);",
              "err": {},
              "uuid": "a156e13e-04e0-491e-97f1-b79bd7c12e53",
              "parentUUID": "deae0a88-537e-4562-8d65-fb2e3679cc62",
              "isHook": false,
              "skipped": false
            },
            {
              "title": "Create Room ",
              "fullTitle": "Test Suit01 Create Room ",
              "timedOut": null,
              "duration": 2968,
              "state": "passed",
              "speed": "slow",
              "pass": true,
              "fail": false,
              "pending": false,
              "context": null,
              "code": "index.preformLogIn(cy, target.home, target.userNamePosition, target.userName, target.userPasswordsPosition, target.userPasswords, target.indexLoginButton, target.indexTitle, target.dashuserNamePosition);\ndash.goToARooms(cy, target.roomButton, target.verification);\nroom.goInCreatRoom(cy, target.creatbutton, target.Roomcreatbutton); // Går in i \"Creat rooms\"\ncroom.creatRoom(cy, target.categoryPosion, target.category, target.numberPosion, target.number, target.floorPosion, target.floor, target.availablePosion, target.pricePosion, target.price, target.featuresPosion, target.features, target.saveButton);\nroom.checkIfCreated(cy, target.number);\ndash.Logout(cy, target.dashLogOutPosition, target.indexTitle); // Loga ut",
              "err": {},
              "uuid": "e05d673c-80e5-4ef5-a631-2d46c2b4a2bd",
              "parentUUID": "deae0a88-537e-4562-8d65-fb2e3679cc62",
              "isHook": false,
              "skipped": false
            },
            {
              "title": "Create Bill ",
              "fullTitle": "Test Suit01 Create Bill ",
              "timedOut": null,
              "duration": 2218,
              "state": "passed",
              "speed": "slow",
              "pass": true,
              "fail": false,
              "pending": false,
              "context": null,
              "code": "index.preformLogIn(cy, target.home, target.userNamePosition, target.userName, target.userPasswordsPosition, target.userPasswords, target.indexLoginButton, target.indexTitle, target.dashuserNamePosition);\ndash.goToARooms(cy, target.billButton, target.verification);\nbill.goInCreatBill(cy, target.creatbutton, target.Billverification); // New Bill\ncbill.creatBill(cy, target.allPosion, target.cbillcon, target.valuePosion, target.value, target.paidPosion, target.saveButton);\nbill.goOut(cy, target.creatbutton, target.Billverification, target.goOUTofRoom); // Ut ur Bills \ndash.Logout(cy, target.dashLogOutPosition, target.indexTitle);",
              "err": {},
              "uuid": "5a2e61c8-95bb-4668-9a9d-f06949798f9a",
              "parentUUID": "deae0a88-537e-4562-8d65-fb2e3679cc62",
              "isHook": false,
              "skipped": false
            },
            {
              "title": "Create Client ",
              "fullTitle": "Test Suit01 Create Client ",
              "timedOut": null,
              "duration": 2895,
              "state": "passed",
              "speed": "slow",
              "pass": true,
              "fail": false,
              "pending": false,
              "context": null,
              "code": "// LogIn\nindex.preformLogIn(cy, target.home, target.userNamePosition, target.userName, target.userPasswordsPosition, target.userPasswords, target.indexLoginButton, target.indexTitle, target.dashuserNamePosition);\ndash.goToARooms(cy, target.clientButton, target.verification);\nclients.goInCreatClient(cy, target.creatbutton, target.Clientverification);\ncclient.creatClient(cy, target.allPosion, target.cclientcon, target.nameLabelP, target.nameLabel, target.namePosion, target.name, target.emailLabelP, target.emailLabel, target.emailPosion, target.email, target.telLabelP, target.telLabel, target.telPosion, target.tel, target.saveButton);\nclients.goOut(cy, target.creatbutton, target.Clientverification, target.goOUTofRoom);\ndash.Logout(cy, target.dashLogOutPosition, target.indexTitle);",
              "err": {},
              "uuid": "ac94e114-69b9-45a7-b861-bd3f42f93c6b",
              "parentUUID": "deae0a88-537e-4562-8d65-fb2e3679cc62",
              "isHook": false,
              "skipped": false
            },
            {
              "title": "Create reservation ",
              "fullTitle": "Test Suit01 Create reservation ",
              "timedOut": null,
              "duration": 2968,
              "state": "passed",
              "speed": "slow",
              "pass": true,
              "fail": false,
              "pending": false,
              "context": null,
              "code": "// Logar in  \nindex.preformLogIn(cy, target.home, target.userNamePosition, target.userName, target.userPasswordsPosition, target.userPasswords, target.indexLoginButton, target.indexTitle, target.dashuserNamePosition); // Går in till Reservation \ndash.goToARooms(cy, target.reservationButton, target.verification); // Gå till Skapa res\nreserv.goToCreatReservaton(cy, target.creatbutton, target.resVerification); // skapa reservation\ncreserv.creatReservation(cy, target.allPosion, target.cresvverification, target.startLabelP, target.startLabel, target.startPosion, target.start, target.endLabelP, target.endLabel, target.endPosion, target.end, target.clientLabelP, target.clientLabel, target.clientPosion, target.client, target.roomLabelP, target.roomLabel, target.roomPosion, target.room, target.idLabelP, target.idLabel, target.idPosion, target.id, target.saveButton); // gå till Dash\nreserv.goOut(cy, target.creatbutton, target.resVerification, target.goOUTofRoom); // Loga ut\ndash.Logout(cy, target.dashLogOutPosition, target.indexTitle);",
              "err": {},
              "uuid": "5d395593-b822-42ee-a262-9dcf03f986b2",
              "parentUUID": "deae0a88-537e-4562-8d65-fb2e3679cc62",
              "isHook": false,
              "skipped": false
            },
            {
              "title": "Edit all",
              "fullTitle": "Test Suit01 Edit all",
              "timedOut": null,
              "duration": 5287,
              "state": "passed",
              "speed": "slow",
              "pass": true,
              "fail": false,
              "pending": false,
              "context": null,
              "code": "index.preformLogIn(cy, target.home, target.userNamePosition, target.userName, target.userPasswordsPosition, target.userPasswords, target.indexLoginButton, target.indexTitle, target.dashuserNamePosition);\ndash.goToARooms(cy, target.roomButton, target.verification);\neroom.edit(cy, target.alldiv, target.room, target.roomimgP, target.editP, target.edroomP, target.oldroomnr, target.roomnew, target.saveButton);\nroom.goOut(cy, target.creatbutton, target.Roomcreatbutton, target.goOUTofRoom);\ndash.goToARooms(cy, target.billButton, target.verification);\nebill.edit(cy, target.alldiv, target.bill, target.billimgP, target.editP, target.edbillP, target.oldValue, target.billnew, target.saveButton);\nbill.goOut(cy, target.creatbutton, target.Billverification, target.goOUTofRoom);\ndash.goToARooms(cy, target.clientButton, target.verification);\neclient.edit(cy, target.alldiv, target.name, target.clientimgP, target.editP, target.edClientP, target.newclient, target.saveButton);\nclients.goOut(cy, target.creatbutton, target.Clientverification, target.goOUTofRoom);\ndash.goToARooms(cy, target.reservationButton, target.verification);\nereserv.edit(cy, target.alldiv, target.newclient, target.imgP, target.editP, target.edstartP, target.oldstart, target.newstart, target.edendP, target.oldend, target.newend, target.saveButton);\nreserv.goOut(cy, target.creatbutton, target.resVerification, target.goOUTofRoom);\ndash.Logout(cy, target.dashLogOutPosition, target.indexTitle);",
              "err": {},
              "uuid": "0d3ece82-8947-4c91-8aad-8b56c900926c",
              "parentUUID": "deae0a88-537e-4562-8d65-fb2e3679cc62",
              "isHook": false,
              "skipped": false
            },
            {
              "title": "Delete",
              "fullTitle": "Test Suit01 Delete",
              "timedOut": null,
              "duration": 3254,
              "state": "passed",
              "speed": "slow",
              "pass": true,
              "fail": false,
              "pending": false,
              "context": null,
              "code": "index.preformLogIn(cy, target.home, target.userNamePosition, target.userName, target.userPasswordsPosition, target.userPasswords, target.indexLoginButton, target.indexTitle, target.dashuserNamePosition);\ndash.goToARooms(cy, target.reservationButton, target.verification);\nreserv.deleteRes(cy, target.alldiv, target.newclient, target.imgP, target.deleteP);\nreserv.goOut(cy, target.creatbutton, target.resVerification, target.goOUTofRoom);\ndash.goToARooms(cy, target.clientButton, target.verification);\nclients.deleteClient(cy, target.alldiv, target.newclient, target.clientimgP, target.deleteP);\nclients.goOut(cy, target.creatbutton, target.Clientverification, target.goOUTofRoom);\ndash.goToARooms(cy, target.billButton, target.verification);\nbill.deleteBill(cy, target.alldiv, target.bill, target.billimgP, target.deleteP);\nbill.goOut(cy, target.creatbutton, target.Billverification, target.goOUTofRoom);\ndash.goToARooms(cy, target.roomButton, target.verification);\nroom.deleteRoom(cy, target.alldiv, target.roomnew, target.roomimgP, target.deleteP);\nroom.goOut(cy, target.creatbutton, target.Roomcreatbutton, target.goOUTofRoom);\ndash.Logout(cy, target.dashLogOutPosition, target.indexTitle);",
              "err": {},
              "uuid": "8af17893-566e-4a0e-83f0-46970859b950",
              "parentUUID": "deae0a88-537e-4562-8d65-fb2e3679cc62",
              "isHook": false,
              "skipped": false
            }
          ],
          "suites": [],
          "passes": [
            "eb5dc096-3df1-4101-b7b4-c9aaca71cdc7",
            "a156e13e-04e0-491e-97f1-b79bd7c12e53",
            "e05d673c-80e5-4ef5-a631-2d46c2b4a2bd",
            "5a2e61c8-95bb-4668-9a9d-f06949798f9a",
            "ac94e114-69b9-45a7-b861-bd3f42f93c6b",
            "5d395593-b822-42ee-a262-9dcf03f986b2",
            "0d3ece82-8947-4c91-8aad-8b56c900926c",
            "8af17893-566e-4a0e-83f0-46970859b950"
          ],
          "failures": [],
          "pending": [],
          "skipped": [],
          "duration": 23820,
          "root": false,
          "rootEmpty": false,
          "_timeout": 2000
        }
      ],
      "passes": [],
      "failures": [],
      "pending": [],
      "skipped": [],
      "duration": 0,
      "root": true,
      "rootEmpty": true,
      "_timeout": 2000
    }
  ],
  "meta": {
    "mocha": {
      "version": "7.0.1"
    },
    "mochawesome": {
      "options": {
        "quiet": false,
        "reportFilename": "mochawesome",
        "saveHtml": true,
        "saveJson": true,
        "consoleReporter": "spec",
        "useInlineDiffs": false,
        "code": true
      },
      "version": "6.1.1"
    },
    "marge": {
      "options": null,
      "version": "5.1.0"
    }
  }
}